<?xml version="1.0" encoding="UTF-8"?>
<!-- Generated by org.testng.reporters.JUnitReportReporter -->
<testsuite hostname="DESKTOP-G7B0PR6" failures="0" tests="2" name="test1.TestNGClass_1" time="0.031" errors="0" timestamp="21 Jul 2019 18:41:30 GMT" skipped="0">
  <testcase classname="test1.TestNGClass_1" name="testcase2" time="0.000"/>
  <testcase classname="test1.TestNGClass_1" name="testcase1" time="0.031"/>
</testsuite> <!-- test1.TestNGClass_1 -->
