<?xml version="1.0" encoding="UTF-8"?>
<!-- Generated by org.testng.reporters.JUnitReportReporter -->
<testsuite hostname="DESKTOP-G7B0PR6" failures="0" tests="2" name="test1.BeforeAfterAnnotation" time="0.010" errors="0" timestamp="14 Jun 2019 20:43:48 GMT" skipped="0">
  <testcase classname="test1.BeforeAfterAnnotation" name="testcase1" time="0.008"/>
  <testcase classname="test1.BeforeAfterAnnotation" name="testcase2" time="0.002"/>
</testsuite> <!-- test1.BeforeAfterAnnotation -->
