<?xml version="1.0" encoding="UTF-8"?>
<!-- Generated by org.testng.reporters.JUnitReportReporter -->
<testsuite hostname="DESKTOP-G7B0PR6" failures="0" tests="2" name="com.regression.TestNGClass_1" time="0.007" errors="0" timestamp="14 Jun 2019 20:56:29 GMT" skipped="0">
  <testcase classname="com.regression.TestNGClass_1" name="testcase2" time="0.005"/>
  <testcase classname="com.regression.TestNGClass_1" name="testcase1" time="0.002"/>
</testsuite> <!-- com.regression.TestNGClass_1 -->
